["INFO" - 9:18:11 AM] Extension Name: esbenp.prettier-vscode.
["INFO" - 9:18:11 AM] Extension Version: 5.1.3.
["INFO" - 9:18:12 AM] Loaded module 'prettier@1.19.1' from '/home/imron/siakad/CoreUI-Vue/node_modules/prettier/index.js'
["INFO" - 9:18:12 AM] Enabling prettier for languages
[
  "css",
  "graphql",
  "html",
  "javascript",
  "javascriptreact",
  "json",
  "json5",
  "jsonc",
  "less",
  "markdown",
  "mdx",
  "mongo",
  "postcss",
  "scss",
  "typescript",
  "typescriptreact",
  "vue",
  "yaml"
]
["INFO" - 9:18:12 AM] Enabling prettier for range supported languages
[
  "graphql",
  "javascript",
  "javascriptreact",
  "json",
  "typescript",
  "typescriptreact"
]
["INFO" - 9:21:30 AM] Loaded module 'prettier@1.19.1' from '/home/imron/siakad/CoreUI-Vue/node_modules/prettier/index.js'
["INFO" - 9:21:30 AM] Enabling prettier for languages
[
  "css",
  "graphql",
  "html",
  "javascript",
  "javascriptreact",
  "json",
  "json5",
  "jsonc",
  "less",
  "markdown",
  "mdx",
  "mongo",
  "postcss",
  "scss",
  "typescript",
  "typescriptreact",
  "vue",
  "yaml"
]
["INFO" - 9:21:31 AM] Enabling prettier for range supported languages
[
  "graphql",
  "javascript",
  "javascriptreact",
  "json",
  "typescript",
  "typescriptreact"
]
["INFO" - 9:21:31 AM] Loaded module 'prettier@1.19.1' from '/home/imron/siakad/CoreUI-Vue/node_modules/prettier/index.js'
["INFO" - 9:21:31 AM] Enabling prettier for languages
[
  "css",
  "graphql",
  "html",
  "javascript",
  "javascriptreact",
  "json",
  "json5",
  "jsonc",
  "less",
  "markdown",
  "mdx",
  "mongo",
  "postcss",
  "scss",
  "typescript",
  "typescriptreact",
  "vue",
  "yaml"
]
["INFO" - 9:21:31 AM] Enabling prettier for range supported languages
[
  "graphql",
  "javascript",
  "javascriptreact",
  "json",
  "typescript",
  "typescriptreact"
]
