[2020-08-30 00:07:13.833] [exthost] [info] extension host started
[2020-08-30 00:07:14.481] [exthost] [info] ExtensionService#_doActivateExtension octref.vetur {"startup":false,"extensionId":{"value":"octref.vetur","_lower":"octref.vetur"},"activationEvent":"onLanguage:vue"}
[2020-08-30 00:07:14.482] [exthost] [info] ExtensionService#loadCommonJSModule file:///home/imron/.vscode/extensions/octref.vetur-0.24.0/dist/client/vueMain
[2020-08-30 00:07:18.069] [exthost] [info] ExtensionService#_doActivateExtension vscode.debug-auto-launch {"startup":true,"extensionId":{"value":"vscode.debug-auto-launch","_lower":"vscode.debug-auto-launch"},"activationEvent":"*"}
[2020-08-30 00:07:18.070] [exthost] [info] ExtensionService#loadCommonJSModule file:///usr/share/code/resources/app/extensions/debug-auto-launch/dist/extension
[2020-08-30 00:07:18.284] [exthost] [info] ExtensionService#_doActivateExtension vscode.emmet {"startup":true,"extensionId":{"value":"vscode.emmet","_lower":"vscode.emmet"},"activationEvent":"*"}
[2020-08-30 00:07:18.284] [exthost] [info] ExtensionService#loadCommonJSModule file:///usr/share/code/resources/app/extensions/emmet/dist/extension
[2020-08-30 00:07:18.543] [exthost] [info] ExtensionService#_doActivateExtension vscode.git {"startup":true,"extensionId":{"value":"vscode.git","_lower":"vscode.git"},"activationEvent":"*"}
[2020-08-30 00:07:18.544] [exthost] [info] ExtensionService#loadCommonJSModule file:///usr/share/code/resources/app/extensions/git/dist/main
[2020-08-30 00:07:18.924] [exthost] [info] ExtensionService#_doActivateExtension vscode.merge-conflict {"startup":true,"extensionId":{"value":"vscode.merge-conflict","_lower":"vscode.merge-conflict"},"activationEvent":"*"}
[2020-08-30 00:07:18.924] [exthost] [info] ExtensionService#loadCommonJSModule file:///usr/share/code/resources/app/extensions/merge-conflict/dist/extension
[2020-08-30 00:07:19.341] [exthost] [info] ExtensionService#_doActivateExtension vscode.search-result {"startup":true,"extensionId":{"value":"vscode.search-result","_lower":"vscode.search-result"},"activationEvent":"*"}
[2020-08-30 00:07:19.341] [exthost] [info] ExtensionService#loadCommonJSModule file:///usr/share/code/resources/app/extensions/search-result/dist/extension.js
[2020-08-30 00:07:19.626] [exthost] [info] ExtensionService#_doActivateExtension vscode.vscode-account {"startup":true,"extensionId":{"value":"vscode.vscode-account","_lower":"vscode.vscode-account"},"activationEvent":"*"}
[2020-08-30 00:07:19.627] [exthost] [info] ExtensionService#loadCommonJSModule file:///usr/share/code/resources/app/extensions/vscode-account/dist/extension.js
[2020-08-30 00:07:19.802] [exthost] [info] ExtensionService#_doActivateExtension esbenp.prettier-vscode {"startup":true,"extensionId":{"value":"esbenp.prettier-vscode","_lower":"esbenp.prettier-vscode"},"activationEvent":"*"}
[2020-08-30 00:07:19.802] [exthost] [info] ExtensionService#loadCommonJSModule file:///home/imron/.vscode/extensions/esbenp.prettier-vscode-5.5.0/dist/extension
[2020-08-30 00:07:20.572] [exthost] [info] ExtensionService#_doActivateExtension vscode.npm {"startup":true,"extensionId":{"value":"vscode.npm","_lower":"vscode.npm"},"activationEvent":"workspaceContains:package.json"}
[2020-08-30 00:07:20.573] [exthost] [info] ExtensionService#loadCommonJSModule file:///usr/share/code/resources/app/extensions/npm/dist/main
[2020-08-30 00:07:24.499] [exthost] [info] eager extensions activated
[2020-08-30 00:31:29.395] [exthost] [info] ExtensionService#_doActivateExtension vscode.typescript-language-features {"startup":false,"extensionId":{"value":"vscode.typescript-language-features","_lower":"vscode.typescript-language-features"},"activationEvent":"onLanguage:javascript"}
[2020-08-30 00:31:29.396] [exthost] [info] ExtensionService#loadCommonJSModule file:///usr/share/code/resources/app/extensions/typescript-language-features/dist/extension
[2020-08-30 00:37:24.620] [exthost] [info] ExtensionService#_doActivateExtension vscode.extension-editing {"startup":false,"extensionId":{"value":"vscode.extension-editing","_lower":"vscode.extension-editing"},"activationEvent":"onLanguage:typescript"}
[2020-08-30 00:37:24.626] [exthost] [info] ExtensionService#loadCommonJSModule file:///usr/share/code/resources/app/extensions/extension-editing/dist/extension
[2020-08-30 00:39:07.073] [exthost] [error] [octref.vetur] provider FAILED
[2020-08-30 00:39:07.074] [exthost] [error] Error: name must not be falsy
	at Function.validate (/usr/share/code/resources/app/out/vs/workbench/services/extensions/node/extensionHostProcess.js:380:799)
	at new w (/usr/share/code/resources/app/out/vs/workbench/services/extensions/node/extensionHostProcess.js:380:748)
	at new w (/usr/share/code/resources/app/out/vs/workbench/services/extensions/node/extensionHostProcess.js:369:559)
	at asSymbolInformation (/home/imron/.vscode/extensions/octref.vetur-0.24.0/node_modules/vscode-languageclient/lib/protocolConverter.js:449:22)
	at /home/imron/.vscode/extensions/octref.vetur-0.24.0/node_modules/vscode-languageclient/lib/protocolConverter.js:429:42
	at Array.map (<anonymous>)
	at Object.asSymbolInformations (/home/imron/.vscode/extensions/octref.vetur-0.24.0/node_modules/vscode-languageclient/lib/protocolConverter.js:429:23)
	at /home/imron/.vscode/extensions/octref.vetur-0.24.0/node_modules/vscode-languageclient/lib/client.js:1088:70
[2020-08-30 01:09:52.984] [exthost] [info] [vscode.typescript-language-features] UNSAVE result from 'resolveCompletionItem', extension SHOULD NOT change any of: additionalTextEdits, or command
[2020-08-30 01:13:40.484] [exthost] [error] [vscode.typescript-language-features] provider FAILED
[2020-08-30 01:13:40.486] [exthost] [error] Error: <semantic> TypeScript Server Error (3.7.5)
Cannot read property 'emitNode' of undefined
TypeError: Cannot read property 'emitNode' of undefined
    at Object.getCommentRange (tsserver.js:69040:29)
    at emitNodeList (tsserver.js:92901:51)
    at emitList (tsserver.js:92780:13)
    at Object.writeList (tsserver.js:90204:13)
    at tsserver.js:115352:29
    at Object.mapToDisplayParts (tsserver.js:103905:13)
    at itemInfoForParameters (tsserver.js:115349:41)
    at getSignatureHelpItem (tsserver.js:115315:95)
    at tsserver.js:115288:79
    at Array.map (<anonymous>)
    at createSignatureHelpItems (tsserver.js:115288:36)
    at tsserver.js:114947:120
    at Object.runWithCancellationToken (tsserver.js:33400:28)
    at tsserver.js:114947:44
    at Object.firstDefined (tsserver.js:200:26)
    at tsserver.js:114943:27
    at Object.firstDefined (tsserver.js:200:26)
    at createJSSignatureHelpItems (tsserver.js:114942:56)
    at Object.getSignatureHelpItems (tsserver.js:114876:56)
    at Proxy.getSignatureHelpItems (tsserver.js:130957:37)
    at IOSession.Session.getSignatureHelpItems (tsserver.js:140520:62)
    at Session.handlers.ts.createMapFromTemplate._a.<computed> (tsserver.js:139446:61)
    at tsserver.js:140960:88
    at IOSession.Session.executeWithRequestId (tsserver.js:140951:28)
    at IOSession.Session.executeCommand (tsserver.js:140960:33)
    at IOSession.Session.onMessage (tsserver.js:140983:35)
    at Interface.<anonymous> (tsserver.js:142298:27)
    at Interface.emit (events.js:200:13)
    at Interface._onLine (readline.js:314:10)
    at Interface._normalWrite (readline.js:459:12)
    at Socket.ondata (readline.js:170:10)
    at Socket.emit (events.js:200:13)
    at addChunk (_stream_readable.js:294:12)
    at readableAddChunk (_stream_readable.js:275:11)
    at Socket.Readable.push (_stream_readable.js:210:10)
    at Pipe.onStreamRead (internal/stream_base_commons.js:166:17)
	at Function.create (/usr/share/code/resources/app/extensions/typescript-language-features/dist/extension.js:1:49149)
	at h.dispatchResponse (/usr/share/code/resources/app/extensions/typescript-language-features/dist/extension.js:1:213785)
	at h.dispatchMessage (/usr/share/code/resources/app/extensions/typescript-language-features/dist/extension.js:1:212703)
	at /usr/share/code/resources/app/extensions/typescript-language-features/dist/extension.js:1:212179
	at l.fire (/usr/share/code/resources/app/out/vs/workbench/services/extensions/node/extensionHostProcess.js:48:541)
	at t.Reader.onLengthData (/usr/share/code/resources/app/extensions/typescript-language-features/dist/extension.js:1:219256)
	at Socket.<anonymous> (/usr/share/code/resources/app/extensions/typescript-language-features/dist/extension.js:1:218904)
	at Socket.emit (events.js:200:13)
	at addChunk (_stream_readable.js:294:12)
	at readableAddChunk (_stream_readable.js:275:11)
	at Socket.Readable.push (_stream_readable.js:210:10)
	at Pipe.onStreamRead (internal/stream_base_commons.js:166:17)
[2020-08-30 01:13:44.516] [exthost] [error] [vscode.typescript-language-features] provider FAILED
[2020-08-30 01:13:44.516] [exthost] [error] Error: DisposableStore is missing...
	at F._convertCompletionItem (/usr/share/code/resources/app/out/vs/workbench/services/extensions/node/extensionHostProcess.js:589:986)
	at /usr/share/code/resources/app/out/vs/workbench/services/extensions/node/extensionHostProcess.js:589:764
[2020-08-30 01:38:17.081] [exthost] [error] [vscode.typescript-language-features] provider FAILED
[2020-08-30 01:38:17.082] [exthost] [error] Error: DisposableStore is missing...
	at F._convertCompletionItem (/usr/share/code/resources/app/out/vs/workbench/services/extensions/node/extensionHostProcess.js:589:986)
	at /usr/share/code/resources/app/out/vs/workbench/services/extensions/node/extensionHostProcess.js:589:764
[2020-08-30 01:38:18.636] [exthost] [error] [vscode.typescript-language-features] provider FAILED
[2020-08-30 01:38:18.637] [exthost] [error] Error: <semantic> TypeScript Server Error (3.7.5)
Cannot read property 'emitNode' of undefined
TypeError: Cannot read property 'emitNode' of undefined
    at Object.getCommentRange (tsserver.js:69040:29)
    at emitNodeList (tsserver.js:92901:51)
    at emitList (tsserver.js:92780:13)
    at Object.writeList (tsserver.js:90204:13)
    at tsserver.js:115352:29
    at Object.mapToDisplayParts (tsserver.js:103905:13)
    at itemInfoForParameters (tsserver.js:115349:41)
    at getSignatureHelpItem (tsserver.js:115315:95)
    at tsserver.js:115288:79
    at Array.map (<anonymous>)
    at createSignatureHelpItems (tsserver.js:115288:36)
    at tsserver.js:114880:23
    at Object.runWithCancellationToken (tsserver.js:33400:28)
    at Object.getSignatureHelpItems (tsserver.js:114878:32)
    at Proxy.getSignatureHelpItems (tsserver.js:130957:37)
    at IOSession.Session.getSignatureHelpItems (tsserver.js:140520:62)
    at Session.handlers.ts.createMapFromTemplate._a.<computed> (tsserver.js:139446:61)
    at tsserver.js:140960:88
    at IOSession.Session.executeWithRequestId (tsserver.js:140951:28)
    at IOSession.Session.executeCommand (tsserver.js:140960:33)
    at IOSession.Session.onMessage (tsserver.js:140983:35)
    at Interface.<anonymous> (tsserver.js:142298:27)
    at Interface.emit (events.js:200:13)
    at Interface._onLine (readline.js:314:10)
    at Interface._normalWrite (readline.js:459:12)
    at Socket.ondata (readline.js:170:10)
    at Socket.emit (events.js:200:13)
    at addChunk (_stream_readable.js:294:12)
    at readableAddChunk (_stream_readable.js:275:11)
    at Socket.Readable.push (_stream_readable.js:210:10)
    at Pipe.onStreamRead (internal/stream_base_commons.js:166:17)
	at Function.create (/usr/share/code/resources/app/extensions/typescript-language-features/dist/extension.js:1:49149)
	at h.dispatchResponse (/usr/share/code/resources/app/extensions/typescript-language-features/dist/extension.js:1:213785)
	at h.dispatchMessage (/usr/share/code/resources/app/extensions/typescript-language-features/dist/extension.js:1:212703)
	at /usr/share/code/resources/app/extensions/typescript-language-features/dist/extension.js:1:212179
	at l.fire (/usr/share/code/resources/app/out/vs/workbench/services/extensions/node/extensionHostProcess.js:48:541)
	at t.Reader.onLengthData (/usr/share/code/resources/app/extensions/typescript-language-features/dist/extension.js:1:219256)
	at Socket.<anonymous> (/usr/share/code/resources/app/extensions/typescript-language-features/dist/extension.js:1:218904)
	at Socket.emit (events.js:200:13)
	at addChunk (_stream_readable.js:294:12)
	at readableAddChunk (_stream_readable.js:275:11)
	at Socket.Readable.push (_stream_readable.js:210:10)
	at Pipe.onStreamRead (internal/stream_base_commons.js:166:17)
[2020-08-30 01:49:01.028] [exthost] [info] ExtensionService#_doActivateExtension vscode.html-language-features {"startup":false,"extensionId":{"value":"vscode.html-language-features","_lower":"vscode.html-language-features"},"activationEvent":"onLanguage:html"}
[2020-08-30 01:49:01.116] [exthost] [info] ExtensionService#loadCommonJSModule file:///usr/share/code/resources/app/extensions/html-language-features/client/dist/htmlMain
[2020-08-30 01:59:10.894] [exthost] [error] [vscode.typescript-language-features] provider FAILED
[2020-08-30 01:59:10.895] [exthost] [error] Error: <semantic> TypeScript Server Error (3.7.5)
Cannot read property 'emitNode' of undefined
TypeError: Cannot read property 'emitNode' of undefined
    at Object.getCommentRange (tsserver.js:69040:29)
    at emitNodeList (tsserver.js:92901:51)
    at emitList (tsserver.js:92780:13)
    at Object.writeList (tsserver.js:90204:13)
    at tsserver.js:115352:29
    at Object.mapToDisplayParts (tsserver.js:103905:13)
    at itemInfoForParameters (tsserver.js:115349:41)
    at getSignatureHelpItem (tsserver.js:115315:95)
    at tsserver.js:115288:79
    at Array.map (<anonymous>)
    at createSignatureHelpItems (tsserver.js:115288:36)
    at tsserver.js:114880:23
    at Object.runWithCancellationToken (tsserver.js:33400:28)
    at Object.getSignatureHelpItems (tsserver.js:114878:32)
    at Proxy.getSignatureHelpItems (tsserver.js:130957:37)
    at IOSession.Session.getSignatureHelpItems (tsserver.js:140520:62)
    at Session.handlers.ts.createMapFromTemplate._a.<computed> (tsserver.js:139446:61)
    at tsserver.js:140960:88
    at IOSession.Session.executeWithRequestId (tsserver.js:140951:28)
    at IOSession.Session.executeCommand (tsserver.js:140960:33)
    at IOSession.Session.onMessage (tsserver.js:140983:35)
    at Interface.<anonymous> (tsserver.js:142298:27)
    at Interface.emit (events.js:200:13)
    at Interface._onLine (readline.js:314:10)
    at Interface._normalWrite (readline.js:459:12)
    at Socket.ondata (readline.js:170:10)
    at Socket.emit (events.js:200:13)
    at addChunk (_stream_readable.js:294:12)
    at readableAddChunk (_stream_readable.js:275:11)
    at Socket.Readable.push (_stream_readable.js:210:10)
    at Pipe.onStreamRead (internal/stream_base_commons.js:166:17)
	at Function.create (/usr/share/code/resources/app/extensions/typescript-language-features/dist/extension.js:1:49149)
	at h.dispatchResponse (/usr/share/code/resources/app/extensions/typescript-language-features/dist/extension.js:1:213785)
	at h.dispatchMessage (/usr/share/code/resources/app/extensions/typescript-language-features/dist/extension.js:1:212703)
	at /usr/share/code/resources/app/extensions/typescript-language-features/dist/extension.js:1:212179
	at l.fire (/usr/share/code/resources/app/out/vs/workbench/services/extensions/node/extensionHostProcess.js:48:541)
	at t.Reader.onLengthData (/usr/share/code/resources/app/extensions/typescript-language-features/dist/extension.js:1:219256)
	at Socket.<anonymous> (/usr/share/code/resources/app/extensions/typescript-language-features/dist/extension.js:1:218904)
	at Socket.emit (events.js:200:13)
	at addChunk (_stream_readable.js:294:12)
	at readableAddChunk (_stream_readable.js:275:11)
	at Socket.Readable.push (_stream_readable.js:210:10)
	at Pipe.onStreamRead (internal/stream_base_commons.js:166:17)
[2020-08-30 02:01:03.325] [exthost] [error] [vscode.typescript-language-features] provider FAILED
[2020-08-30 02:01:03.326] [exthost] [error] Error: <semantic> TypeScript Server Error (3.7.5)
No Project.
Error: No Project.
    at Object.ThrowNoProject (tsserver.js:133345:23)
    at ScriptInfo.getDefaultProject (tsserver.js:134092:46)
    at ProjectService.doEnsureDefaultProjectForFile (tsserver.js:136630:48)
    at ProjectService.ensureDefaultProjectForFile (tsserver.js:136625:75)
    at IOSession.Session.getFileAndProjectWorker (tsserver.js:140282:87)
    at IOSession.Session.getFileAndProject (tsserver.js:140265:29)
    at IOSession.Session.getQuickInfoWorker (tsserver.js:140340:31)
    at Session.handlers.ts.createMapFromTemplate._a.<computed> (tsserver.js:139377:61)
    at tsserver.js:140960:88
    at IOSession.Session.executeWithRequestId (tsserver.js:140951:28)
    at IOSession.Session.executeCommand (tsserver.js:140960:33)
    at IOSession.Session.onMessage (tsserver.js:140983:35)
    at Interface.<anonymous> (tsserver.js:142298:27)
    at Interface.emit (events.js:200:13)
    at Interface._onLine (readline.js:314:10)
    at Interface._normalWrite (readline.js:459:12)
    at Socket.ondata (readline.js:170:10)
    at Socket.emit (events.js:200:13)
    at addChunk (_stream_readable.js:294:12)
    at readableAddChunk (_stream_readable.js:275:11)
    at Socket.Readable.push (_stream_readable.js:210:10)
    at Pipe.onStreamRead (internal/stream_base_commons.js:166:17)
	at Function.create (/usr/share/code/resources/app/extensions/typescript-language-features/dist/extension.js:1:49149)
	at h.dispatchResponse (/usr/share/code/resources/app/extensions/typescript-language-features/dist/extension.js:1:213785)
	at h.dispatchMessage (/usr/share/code/resources/app/extensions/typescript-language-features/dist/extension.js:1:212703)
	at /usr/share/code/resources/app/extensions/typescript-language-features/dist/extension.js:1:212179
	at l.fire (/usr/share/code/resources/app/out/vs/workbench/services/extensions/node/extensionHostProcess.js:48:541)
	at t.Reader.onLengthData (/usr/share/code/resources/app/extensions/typescript-language-features/dist/extension.js:1:219256)
	at Socket.<anonymous> (/usr/share/code/resources/app/extensions/typescript-language-features/dist/extension.js:1:218904)
	at Socket.emit (events.js:200:13)
	at addChunk (_stream_readable.js:294:12)
	at readableAddChunk (_stream_readable.js:275:11)
	at Socket.Readable.push (_stream_readable.js:210:10)
	at Pipe.onStreamRead (internal/stream_base_commons.js:166:17)
[2020-08-30 02:23:03.237] [exthost] [error] [octref.vetur] provider FAILED
[2020-08-30 02:23:03.238] [exthost] [error] Error: DisposableStore is missing...
	at F._convertCompletionItem (/usr/share/code/resources/app/out/vs/workbench/services/extensions/node/extensionHostProcess.js:589:986)
	at /usr/share/code/resources/app/out/vs/workbench/services/extensions/node/extensionHostProcess.js:589:764
[2020-08-30 02:23:03.406] [exthost] [error] [octref.vetur] provider FAILED
[2020-08-30 02:23:03.406] [exthost] [error] Error: DisposableStore is missing...
	at F._convertCompletionItem (/usr/share/code/resources/app/out/vs/workbench/services/extensions/node/extensionHostProcess.js:589:986)
	at /usr/share/code/resources/app/out/vs/workbench/services/extensions/node/extensionHostProcess.js:589:764
[2020-08-30 02:40:53.803] [exthost] [error] [octref.vetur] provider FAILED
[2020-08-30 02:40:53.803] [exthost] [error] Error: DisposableStore is missing...
	at F._convertCompletionItem (/usr/share/code/resources/app/out/vs/workbench/services/extensions/node/extensionHostProcess.js:589:986)
	at /usr/share/code/resources/app/out/vs/workbench/services/extensions/node/extensionHostProcess.js:589:764
[2020-08-30 02:49:09.228] [exthost] [error] [octref.vetur] provider FAILED
[2020-08-30 02:49:09.228] [exthost] [error] Error: DisposableStore is missing...
	at F._convertCompletionItem (/usr/share/code/resources/app/out/vs/workbench/services/extensions/node/extensionHostProcess.js:589:986)
	at /usr/share/code/resources/app/out/vs/workbench/services/extensions/node/extensionHostProcess.js:589:764
[2020-08-30 02:49:09.430] [exthost] [error] [octref.vetur] provider FAILED
[2020-08-30 02:49:09.430] [exthost] [error] Error: DisposableStore is missing...
	at F._convertCompletionItem (/usr/share/code/resources/app/out/vs/workbench/services/extensions/node/extensionHostProcess.js:589:986)
	at /usr/share/code/resources/app/out/vs/workbench/services/extensions/node/extensionHostProcess.js:589:764
[2020-08-30 02:49:09.559] [exthost] [error] [octref.vetur] provider FAILED
[2020-08-30 02:49:09.559] [exthost] [error] Error: DisposableStore is missing...
	at F._convertCompletionItem (/usr/share/code/resources/app/out/vs/workbench/services/extensions/node/extensionHostProcess.js:589:986)
	at /usr/share/code/resources/app/out/vs/workbench/services/extensions/node/extensionHostProcess.js:589:764
[2020-08-30 02:49:19.538] [exthost] [error] [octref.vetur] provider FAILED
[2020-08-30 02:49:19.538] [exthost] [error] Error: DisposableStore is missing...
	at F._convertCompletionItem (/usr/share/code/resources/app/out/vs/workbench/services/extensions/node/extensionHostProcess.js:589:986)
	at /usr/share/code/resources/app/out/vs/workbench/services/extensions/node/extensionHostProcess.js:589:764
[2020-08-30 02:58:13.702] [exthost] [error] [octref.vetur] provider FAILED
[2020-08-30 02:58:13.702] [exthost] [error] Error: DisposableStore is missing...
	at F._convertCompletionItem (/usr/share/code/resources/app/out/vs/workbench/services/extensions/node/extensionHostProcess.js:589:986)
	at /usr/share/code/resources/app/out/vs/workbench/services/extensions/node/extensionHostProcess.js:589:764
[2020-08-30 03:08:31.751] [exthost] [error] [octref.vetur] provider FAILED
[2020-08-30 03:08:31.751] [exthost] [error] Error: DisposableStore is missing...
	at F._convertCompletionItem (/usr/share/code/resources/app/out/vs/workbench/services/extensions/node/extensionHostProcess.js:589:986)
	at /usr/share/code/resources/app/out/vs/workbench/services/extensions/node/extensionHostProcess.js:589:764
[2020-08-30 03:08:31.850] [exthost] [error] [octref.vetur] provider FAILED
[2020-08-30 03:08:31.850] [exthost] [error] Error: DisposableStore is missing...
	at F._convertCompletionItem (/usr/share/code/resources/app/out/vs/workbench/services/extensions/node/extensionHostProcess.js:589:986)
	at /usr/share/code/resources/app/out/vs/workbench/services/extensions/node/extensionHostProcess.js:589:764
[2020-08-30 03:10:11.413] [exthost] [error] [octref.vetur] provider FAILED
[2020-08-30 03:10:11.414] [exthost] [error] Error: DisposableStore is missing...
	at F._convertCompletionItem (/usr/share/code/resources/app/out/vs/workbench/services/extensions/node/extensionHostProcess.js:589:986)
	at /usr/share/code/resources/app/out/vs/workbench/services/extensions/node/extensionHostProcess.js:589:764
[2020-08-30 03:12:16.672] [exthost] [error] [octref.vetur] provider FAILED
[2020-08-30 03:12:16.672] [exthost] [error] Error: DisposableStore is missing...
	at F._convertCompletionItem (/usr/share/code/resources/app/out/vs/workbench/services/extensions/node/extensionHostProcess.js:589:986)
	at /usr/share/code/resources/app/out/vs/workbench/services/extensions/node/extensionHostProcess.js:589:764
[2020-08-30 03:12:16.837] [exthost] [error] [octref.vetur] provider FAILED
[2020-08-30 03:12:16.837] [exthost] [error] Error: DisposableStore is missing...
	at F._convertCompletionItem (/usr/share/code/resources/app/out/vs/workbench/services/extensions/node/extensionHostProcess.js:589:986)
	at /usr/share/code/resources/app/out/vs/workbench/services/extensions/node/extensionHostProcess.js:589:764
[2020-08-30 03:12:17.128] [exthost] [error] [octref.vetur] provider FAILED
[2020-08-30 03:12:17.128] [exthost] [error] Error: DisposableStore is missing...
	at F._convertCompletionItem (/usr/share/code/resources/app/out/vs/workbench/services/extensions/node/extensionHostProcess.js:589:986)
	at /usr/share/code/resources/app/out/vs/workbench/services/extensions/node/extensionHostProcess.js:589:764
