[2020-08-29 12:29:53.342] [renderer1] [error] <semantic> TypeScript Server Error (3.7.5)
Cannot read property 'emitNode' of undefined
TypeError: Cannot read property 'emitNode' of undefined
    at Object.getCommentRange (tsserver.js:69040:29)
    at emitNodeList (tsserver.js:92901:51)
    at emitList (tsserver.js:92780:13)
    at Object.writeList (tsserver.js:90204:13)
    at tsserver.js:115352:29
    at Object.mapToDisplayParts (tsserver.js:103905:13)
    at itemInfoForParameters (tsserver.js:115349:41)
    at getSignatureHelpItem (tsserver.js:115315:95)
    at tsserver.js:115288:79
    at Array.map (<anonymous>)
    at createSignatureHelpItems (tsserver.js:115288:36)
    at tsserver.js:114880:23
    at Object.runWithCancellationToken (tsserver.js:33400:28)
    at Object.getSignatureHelpItems (tsserver.js:114878:32)
    at Proxy.getSignatureHelpItems (tsserver.js:130957:37)
    at IOSession.Session.getSignatureHelpItems (tsserver.js:140520:62)
    at Session.handlers.ts.createMapFromTemplate._a.<computed> (tsserver.js:139446:61)
    at tsserver.js:140960:88
    at IOSession.Session.executeWithRequestId (tsserver.js:140951:28)
    at IOSession.Session.executeCommand (tsserver.js:140960:33)
    at IOSession.Session.onMessage (tsserver.js:140983:35)
    at Interface.<anonymous> (tsserver.js:142298:27)
    at Interface.emit (events.js:200:13)
    at Interface._onLine (readline.js:314:10)
    at Interface._normalWrite (readline.js:459:12)
    at Socket.ondata (readline.js:170:10)
    at Socket.emit (events.js:200:13)
    at addChunk (_stream_readable.js:294:12)
    at readableAddChunk (_stream_readable.js:275:11)
    at Socket.Readable.push (_stream_readable.js:210:10)
    at Pipe.onStreamRead (internal/stream_base_commons.js:166:17): Error: <semantic> TypeScript Server Error (3.7.5)
Cannot read property 'emitNode' of undefined
TypeError: Cannot read property 'emitNode' of undefined
    at Object.getCommentRange (tsserver.js:69040:29)
    at emitNodeList (tsserver.js:92901:51)
    at emitList (tsserver.js:92780:13)
    at Object.writeList (tsserver.js:90204:13)
    at tsserver.js:115352:29
    at Object.mapToDisplayParts (tsserver.js:103905:13)
    at itemInfoForParameters (tsserver.js:115349:41)
    at getSignatureHelpItem (tsserver.js:115315:95)
    at tsserver.js:115288:79
    at Array.map (<anonymous>)
    at createSignatureHelpItems (tsserver.js:115288:36)
    at tsserver.js:114880:23
    at Object.runWithCancellationToken (tsserver.js:33400:28)
    at Object.getSignatureHelpItems (tsserver.js:114878:32)
    at Proxy.getSignatureHelpItems (tsserver.js:130957:37)
    at IOSession.Session.getSignatureHelpItems (tsserver.js:140520:62)
    at Session.handlers.ts.createMapFromTemplate._a.<computed> (tsserver.js:139446:61)
    at tsserver.js:140960:88
    at IOSession.Session.executeWithRequestId (tsserver.js:140951:28)
    at IOSession.Session.executeCommand (tsserver.js:140960:33)
    at IOSession.Session.onMessage (tsserver.js:140983:35)
    at Interface.<anonymous> (tsserver.js:142298:27)
    at Interface.emit (events.js:200:13)
    at Interface._onLine (readline.js:314:10)
    at Interface._normalWrite (readline.js:459:12)
    at Socket.ondata (readline.js:170:10)
    at Socket.emit (events.js:200:13)
    at addChunk (_stream_readable.js:294:12)
    at readableAddChunk (_stream_readable.js:275:11)
    at Socket.Readable.push (_stream_readable.js:210:10)
    at Pipe.onStreamRead (internal/stream_base_commons.js:166:17)
	at Function.create (/usr/share/code/resources/app/extensions/typescript-language-features/dist/extension.js:1:49149)
	at h.dispatchResponse (/usr/share/code/resources/app/extensions/typescript-language-features/dist/extension.js:1:213785)
	at h.dispatchMessage (/usr/share/code/resources/app/extensions/typescript-language-features/dist/extension.js:1:212703)
	at /usr/share/code/resources/app/extensions/typescript-language-features/dist/extension.js:1:212179
	at l.fire (/usr/share/code/resources/app/out/vs/workbench/services/extensions/node/extensionHostProcess.js:48:541)
	at t.Reader.onLengthData (/usr/share/code/resources/app/extensions/typescript-language-features/dist/extension.js:1:219256)
	at Socket.<anonymous> (/usr/share/code/resources/app/extensions/typescript-language-features/dist/extension.js:1:218904)
	at Socket.emit (events.js:200:13)
	at addChunk (_stream_readable.js:294:12)
	at readableAddChunk (_stream_readable.js:275:11)
	at Socket.Readable.push (_stream_readable.js:210:10)
	at Pipe.onStreamRead (internal/stream_base_commons.js:166:17)
[2020-08-29 12:53:02.424] [renderer1] [error] name must not be falsy: Error: name must not be falsy
	at Function.validate (/usr/share/code/resources/app/out/vs/workbench/services/extensions/node/extensionHostProcess.js:380:799)
	at new w (/usr/share/code/resources/app/out/vs/workbench/services/extensions/node/extensionHostProcess.js:380:748)
	at new w (/usr/share/code/resources/app/out/vs/workbench/services/extensions/node/extensionHostProcess.js:369:559)
	at asSymbolInformation (/home/imron/.vscode/extensions/octref.vetur-0.24.0/node_modules/vscode-languageclient/lib/protocolConverter.js:449:22)
	at /home/imron/.vscode/extensions/octref.vetur-0.24.0/node_modules/vscode-languageclient/lib/protocolConverter.js:429:42
	at Array.map (<anonymous>)
	at Object.asSymbolInformations (/home/imron/.vscode/extensions/octref.vetur-0.24.0/node_modules/vscode-languageclient/lib/protocolConverter.js:429:23)
	at /home/imron/.vscode/extensions/octref.vetur-0.24.0/node_modules/vscode-languageclient/lib/client.js:1088:70
[2020-08-29 13:00:15.505] [renderer1] [error] name must not be falsy: Error: name must not be falsy
	at Function.validate (/usr/share/code/resources/app/out/vs/workbench/services/extensions/node/extensionHostProcess.js:380:799)
	at new w (/usr/share/code/resources/app/out/vs/workbench/services/extensions/node/extensionHostProcess.js:380:748)
	at new w (/usr/share/code/resources/app/out/vs/workbench/services/extensions/node/extensionHostProcess.js:369:559)
	at asSymbolInformation (/home/imron/.vscode/extensions/octref.vetur-0.24.0/node_modules/vscode-languageclient/lib/protocolConverter.js:449:22)
	at /home/imron/.vscode/extensions/octref.vetur-0.24.0/node_modules/vscode-languageclient/lib/protocolConverter.js:429:42
	at Array.map (<anonymous>)
	at Object.asSymbolInformations (/home/imron/.vscode/extensions/octref.vetur-0.24.0/node_modules/vscode-languageclient/lib/protocolConverter.js:429:23)
	at /home/imron/.vscode/extensions/octref.vetur-0.24.0/node_modules/vscode-languageclient/lib/client.js:1088:70
[2020-08-29 13:52:28.330] [renderer1] [error] name must not be falsy: Error: name must not be falsy
	at Function.validate (/usr/share/code/resources/app/out/vs/workbench/services/extensions/node/extensionHostProcess.js:380:799)
	at new w (/usr/share/code/resources/app/out/vs/workbench/services/extensions/node/extensionHostProcess.js:380:748)
	at new w (/usr/share/code/resources/app/out/vs/workbench/services/extensions/node/extensionHostProcess.js:369:559)
	at asSymbolInformation (/home/imron/.vscode/extensions/octref.vetur-0.24.0/node_modules/vscode-languageclient/lib/protocolConverter.js:449:22)
	at /home/imron/.vscode/extensions/octref.vetur-0.24.0/node_modules/vscode-languageclient/lib/protocolConverter.js:429:42
	at Array.map (<anonymous>)
	at Object.asSymbolInformations (/home/imron/.vscode/extensions/octref.vetur-0.24.0/node_modules/vscode-languageclient/lib/protocolConverter.js:429:23)
	at /home/imron/.vscode/extensions/octref.vetur-0.24.0/node_modules/vscode-languageclient/lib/client.js:1088:70
	at runNextTicks (internal/process/task_queues.js:55:5)
	at processImmediate (internal/timers.js:412:9)
