Looking for git in: git
Using git 2.17.1 from git
> git rev-parse --show-toplevel
> git rev-parse --git-dir
Open repository: /home/imron/siakad/CoreUI-Vue
> git status -z -u
> git show :src/components/admin/TableDosen.vue
> git ls-files --stage -- /home/imron/siakad/CoreUI-Vue/src/components/admin/TableDosen.vue
> git cat-file -s ad73a04aa9de504ef3be22b733bb1cb8f36575b5
> git symbolic-ref --short HEAD
> git rev-parse master
> git rev-parse --symbolic-full-name master@{u}
> git rev-list --left-right master...refs/remotes/origin/master
> git check-ignore -v -z --stdin
> git for-each-ref --format %(refname) %(objectname) --sort -committerdate
> git remote --verbose
Failed to watch ref '/home/imron/siakad/CoreUI-Vue/.git/refs/remotes/origin/master', is most likely packed.
Error: ENOENT: no such file or directory, watch '/home/imron/siakad/CoreUI-Vue/.git/refs/remotes/origin/master'
	at FSWatcher.start (internal/fs/watchers.js:165:26)
	at Object.watch (fs.js:1270:11)
	at Object.t.watch (/usr/share/code/resources/app/extensions/git/dist/main.js:1:592073)
	at E.updateTransientWatchers (/usr/share/code/resources/app/extensions/git/dist/main.js:1:123277)
	at l.fire (/usr/share/code/resources/app/out/vs/workbench/services/extensions/node/extensionHostProcess.js:48:561)
	at R.updateModelState (/usr/share/code/resources/app/extensions/git/dist/main.js:1:142135)
> git config --get commit.template
> git status -z -u
> git ls-files --stage -- /home/imron/siakad/CoreUI-Vue/src/components/admin/TableDosen.vue
> git cat-file -s 0e91453b64c60a58fce360590cc0d843cd9fcb6b
> git symbolic-ref --short HEAD
> git rev-parse master
> git show :src/components/admin/TableDosen.vue
> git rev-parse --symbolic-full-name master@{u}
> git rev-list --left-right master...refs/remotes/origin/master
> git for-each-ref --format %(refname) %(objectname) --sort -committerdate
> git remote --verbose
Failed to watch ref '/home/imron/siakad/CoreUI-Vue/.git/refs/remotes/origin/master', is most likely packed.
Error: ENOENT: no such file or directory, watch '/home/imron/siakad/CoreUI-Vue/.git/refs/remotes/origin/master'
	at FSWatcher.start (internal/fs/watchers.js:165:26)
	at Object.watch (fs.js:1270:11)
	at Object.t.watch (/usr/share/code/resources/app/extensions/git/dist/main.js:1:592073)
	at E.updateTransientWatchers (/usr/share/code/resources/app/extensions/git/dist/main.js:1:123277)
	at l.fire (/usr/share/code/resources/app/out/vs/workbench/services/extensions/node/extensionHostProcess.js:48:561)
	at R.updateModelState (/usr/share/code/resources/app/extensions/git/dist/main.js:1:142135)
> git config --get commit.template
> git show :src/store/admin/dosen.js
> git ls-files --stage -- /home/imron/siakad/CoreUI-Vue/src/store/admin/dosen.js
> git check-ignore -v -z --stdin
> git cat-file -s f6a4433e8a3f03e9bd48fda60384be76b5ac329a
> git status -z -u
> git symbolic-ref --short HEAD
> git rev-parse master
> git rev-parse --symbolic-full-name master@{u}
> git rev-list --left-right master...refs/remotes/origin/master
> git for-each-ref --format %(refname) %(objectname) --sort -committerdate
> git remote --verbose
Failed to watch ref '/home/imron/siakad/CoreUI-Vue/.git/refs/remotes/origin/master', is most likely packed.
Error: ENOENT: no such file or directory, watch '/home/imron/siakad/CoreUI-Vue/.git/refs/remotes/origin/master'
	at FSWatcher.start (internal/fs/watchers.js:165:26)
	at Object.watch (fs.js:1270:11)
	at Object.t.watch (/usr/share/code/resources/app/extensions/git/dist/main.js:1:592073)
	at E.updateTransientWatchers (/usr/share/code/resources/app/extensions/git/dist/main.js:1:123277)
	at l.fire (/usr/share/code/resources/app/out/vs/workbench/services/extensions/node/extensionHostProcess.js:48:561)
	at R.updateModelState (/usr/share/code/resources/app/extensions/git/dist/main.js:1:142135)
> git config --get commit.template
> git status -z -u
> git symbolic-ref --short HEAD
> git rev-parse master
> git rev-parse --symbolic-full-name master@{u}
> git rev-list --left-right master...refs/remotes/origin/master
> git for-each-ref --format %(refname) %(objectname) --sort -committerdate
> git remote --verbose
Failed to watch ref '/home/imron/siakad/CoreUI-Vue/.git/refs/remotes/origin/master', is most likely packed.
Error: ENOENT: no such file or directory, watch '/home/imron/siakad/CoreUI-Vue/.git/refs/remotes/origin/master'
	at FSWatcher.start (internal/fs/watchers.js:165:26)
	at Object.watch (fs.js:1270:11)
	at Object.t.watch (/usr/share/code/resources/app/extensions/git/dist/main.js:1:592073)
	at E.updateTransientWatchers (/usr/share/code/resources/app/extensions/git/dist/main.js:1:123277)
	at l.fire (/usr/share/code/resources/app/out/vs/workbench/services/extensions/node/extensionHostProcess.js:48:561)
	at R.updateModelState (/usr/share/code/resources/app/extensions/git/dist/main.js:1:142135)
> git config --get commit.template
> git show :src/store/admin/mhs.js
> git ls-files --stage -- /home/imron/siakad/CoreUI-Vue/src/store/admin/mhs.js
> git cat-file -s f6bd8019e50f626f5a5aa1089c1e64cec79913f9
> git status -z -u
> git symbolic-ref --short HEAD
> git rev-parse master
> git rev-parse --symbolic-full-name master@{u}
> git rev-list --left-right master...refs/remotes/origin/master
> git for-each-ref --format %(refname) %(objectname) --sort -committerdate
> git remote --verbose
Failed to watch ref '/home/imron/siakad/CoreUI-Vue/.git/refs/remotes/origin/master', is most likely packed.
Error: ENOENT: no such file or directory, watch '/home/imron/siakad/CoreUI-Vue/.git/refs/remotes/origin/master'
	at FSWatcher.start (internal/fs/watchers.js:165:26)
	at Object.watch (fs.js:1270:11)
	at Object.t.watch (/usr/share/code/resources/app/extensions/git/dist/main.js:1:592073)
	at E.updateTransientWatchers (/usr/share/code/resources/app/extensions/git/dist/main.js:1:123277)
	at l.fire (/usr/share/code/resources/app/out/vs/workbench/services/extensions/node/extensionHostProcess.js:48:561)
	at R.updateModelState (/usr/share/code/resources/app/extensions/git/dist/main.js:1:142135)
> git config --get commit.template
> git status -z -u
> git symbolic-ref --short HEAD
> git rev-parse master
> git rev-parse --symbolic-full-name master@{u}
> git rev-list --left-right master...refs/remotes/origin/master
> git for-each-ref --format %(refname) %(objectname) --sort -committerdate
> git remote --verbose
Failed to watch ref '/home/imron/siakad/CoreUI-Vue/.git/refs/remotes/origin/master', is most likely packed.
Error: ENOENT: no such file or directory, watch '/home/imron/siakad/CoreUI-Vue/.git/refs/remotes/origin/master'
	at FSWatcher.start (internal/fs/watchers.js:165:26)
	at Object.watch (fs.js:1270:11)
	at Object.t.watch (/usr/share/code/resources/app/extensions/git/dist/main.js:1:592073)
	at E.updateTransientWatchers (/usr/share/code/resources/app/extensions/git/dist/main.js:1:123277)
	at l.fire (/usr/share/code/resources/app/out/vs/workbench/services/extensions/node/extensionHostProcess.js:48:561)
	at R.updateModelState (/usr/share/code/resources/app/extensions/git/dist/main.js:1:142135)
> git config --get commit.template
> git status -z -u
> git symbolic-ref --short HEAD
> git rev-parse master
> git rev-parse --symbolic-full-name master@{u}
> git rev-list --left-right master...refs/remotes/origin/master
> git for-each-ref --format %(refname) %(objectname) --sort -committerdate
> git remote --verbose
Failed to watch ref '/home/imron/siakad/CoreUI-Vue/.git/refs/remotes/origin/master', is most likely packed.
Error: ENOENT: no such file or directory, watch '/home/imron/siakad/CoreUI-Vue/.git/refs/remotes/origin/master'
	at FSWatcher.start (internal/fs/watchers.js:165:26)
	at Object.watch (fs.js:1270:11)
	at Object.t.watch (/usr/share/code/resources/app/extensions/git/dist/main.js:1:592073)
	at E.updateTransientWatchers (/usr/share/code/resources/app/extensions/git/dist/main.js:1:123277)
	at l.fire (/usr/share/code/resources/app/out/vs/workbench/services/extensions/node/extensionHostProcess.js:48:561)
	at R.updateModelState (/usr/share/code/resources/app/extensions/git/dist/main.js:1:142135)
> git config --get commit.template
> git status -z -u
> git symbolic-ref --short HEAD
> git rev-parse master
> git rev-parse --symbolic-full-name master@{u}
> git rev-list --left-right master...refs/remotes/origin/master
> git for-each-ref --format %(refname) %(objectname) --sort -committerdate
> git remote --verbose
Failed to watch ref '/home/imron/siakad/CoreUI-Vue/.git/refs/remotes/origin/master', is most likely packed.
Error: ENOENT: no such file or directory, watch '/home/imron/siakad/CoreUI-Vue/.git/refs/remotes/origin/master'
	at FSWatcher.start (internal/fs/watchers.js:165:26)
	at Object.watch (fs.js:1270:11)
	at Object.t.watch (/usr/share/code/resources/app/extensions/git/dist/main.js:1:592073)
	at E.updateTransientWatchers (/usr/share/code/resources/app/extensions/git/dist/main.js:1:123277)
	at l.fire (/usr/share/code/resources/app/out/vs/workbench/services/extensions/node/extensionHostProcess.js:48:561)
	at R.updateModelState (/usr/share/code/resources/app/extensions/git/dist/main.js:1:142135)
> git config --get commit.template
